2026-05-28 10:39:24,974 | INFO | Config file verified     : D:\Accelerator\DEMO\DLA V-W\BACKEND\config\sapsqlserver_aws_snowflake.cfg
2026-05-28 10:39:24,981 | INFO | Metadata file verified   : D:\Accelerator\DEMO\DLA V-W\BACKEND\metadata\sapsqlserver_metadata.csv
2026-05-28 10:39:24,983 | INFO | Starting Full Load Pipeline
2026-05-28 10:39:24,987 | INFO | Connecting to SAP SQL Server...
2026-05-28 10:39:24,995 | INFO | Connected to SAP SQL Server.
2026-05-28 10:39:31,334 | INFO | Connected to Snowflake
2026-05-28 10:39:31,338 | INFO | Processing table OperationsDB_raw.logistics.DeliveryPartners
2026-05-28 10:39:32,461 | INFO | Starting extraction for OperationsDB.logistics.DeliveryPartners
2026-05-28 10:39:36,823 | INFO | Schema retrieved
2026-05-28 10:39:36,823 | INFO | PartnerID                     int64
CompanyName                  object
ContactPerson                object
EmailAddress                 object
PhoneNumber                  object
ServiceRegion                object
ContractStartDate            object
ContractEndDate              object
RatingScore                 float64
ActiveShipments               int64
PaymentTerms                 object
ComplianceStatus             object
CreatedDate          datetime64[us]
LastModifiedDate     datetime64[us]
dtype: object
2026-05-28 10:39:39,800 | INFO | Source count: 204377
2026-05-28 10:39:39,800 | INFO | Parquet count: 204377
2026-05-28 10:39:39,802 | INFO | Reconciliation Passed
2026-05-28 10:39:39,802 | INFO | Parquet file created at D:\Accelerator\DEMO\DLA V-W\BACKEND\Extract\OperationsDB/logistics/DeliveryPartners\DeliveryPartners_20260528_103936.parquet
2026-05-28 10:39:39,802 | INFO | Extraction completed for DeliveryPartners
2026-05-28 10:39:39,921 | INFO | Uploading DeliveryPartners_20260528_103936.parquet to AWS S3
2026-05-28 10:39:40,019 | INFO | S3 client created successfully
2026-05-28 10:39:43,674 | INFO | All existing files archived successfully
2026-05-28 10:39:43,674 | INFO | Previous S3 file archived successfully
2026-05-28 10:39:43,700 | INFO | S3 client created successfully
2026-05-28 10:39:43,700 | INFO | Upload attempt 1
2026-05-28 10:39:48,089 | INFO | Upload Successful
2026-05-28 10:39:48,308 | INFO | Local File Size: 5255728
2026-05-28 10:39:48,308 | INFO | S3 File Size: 5255728
2026-05-28 10:39:48,308 | INFO | Uploaded DeliveryPartners_20260528_103936.parquet to s3://stageddataparqe/OperationsDB/logistics/DeliveryPartners/DeliveryPartners_20260528_103936.parquet
2026-05-28 10:39:48,308 | INFO | Local file Not deleted after upload: D:\Accelerator\DEMO\DLA V-W\BACKEND\Extract\OperationsDB/logistics/DeliveryPartners\DeliveryPartners_20260528_103936.parquet
2026-05-28 10:39:48,308 | INFO | Creating target objects on 'snowflake' for table: OperationsDB.logistics.DeliveryPartners
2026-05-28 10:39:48,320 | INFO | Starting Snowflake object creation for OperationsDB.logistics.DeliveryPartners
2026-05-28 10:39:48,885 | INFO | Retrieved source schema:
          COLUMN_NAME  DATA_TYPE
0           PartnerID        int
1         CompanyName    varchar
2       ContactPerson    varchar
3        EmailAddress    varchar
4         PhoneNumber    varchar
5       ServiceRegion    varchar
6   ContractStartDate       date
7     ContractEndDate       date
8         RatingScore    decimal
9     ActiveShipments        int
10       PaymentTerms    varchar
11   ComplianceStatus    varchar
12        CreatedDate  datetime2
13   LastModifiedDate  datetime2
2026-05-28 10:39:48,970 | INFO | Creating snwoflake Database OperationsDB 
2026-05-28 10:39:48,970 | INFO | Creating RAW DB: OperationsDB_RAW  
2026-05-28 10:39:49,696 | INFO | Creating TGT DB: OperationsDB_TGT
2026-05-28 10:39:51,514 | INFO | Creating Stage: OperationsDB_TGT.OperationsDB_STG.external_aws_stage
2026-05-28 10:39:52,029 | INFO | Dropping RAW table if exists: OperationsDB_RAW.logistics.DeliveryPartners
2026-05-28 10:39:52,451 | INFO | Dropping TGT table if exists: OperationsDB_TGT.logistics.DeliveryPartners
2026-05-28 10:39:52,835 | INFO | Creating RAW table OperationsDB_RAW.logistics.DeliveryPartners
2026-05-28 10:39:53,460 | INFO | Creating TGT table OperationsDB_TGT.logistics.DeliveryPartners
2026-05-28 10:39:54,032 | INFO | RAW & TGT objects created successfully
2026-05-28 10:39:54,037 | INFO | Cursor closed
2026-05-28 10:39:54,037 | INFO | Target objects created successfully on 'snowflake' 
2026-05-28 10:40:02,098 | INFO | Snowflake control table ready
2026-05-28 10:40:02,099 | INFO | Snowflake control table created successfully.
2026-05-28 10:40:02,101 | INFO | Loading data into Snowflake table OperationsDB_raw.logistics.DeliveryPartners
2026-05-28 10:40:10,045 | INFO | COPY INTO raw result: [('s3://stageddataparqe/OperationsDB/logistics/DeliveryPartners/DeliveryPartners_20260528_103936.parquet', 'LOADED', 204377, 204377, 1, 0, None, None, None, None)]
2026-05-28 10:40:10,045 | INFO | File: s3://stageddataparqe/OperationsDB/logistics/DeliveryPartners/DeliveryPartners_20260528_103936.parquet, Status: LOADED, Parsed: 204377, Loaded: 204377, ErrorLimit: 1, ErrorsSeen: 0
2026-05-28 10:40:14,942 | INFO | RAW MERGE RESULT: (204377, 0)
2026-05-28 10:40:14,943 | INFO | MERGE complete ďż˝ Inserted: 204377, Updated: 0
2026-05-28 10:40:15,768 | INFO | Truncated Table DeliveryPartners in OperationsDB_RAW
2026-05-28 10:40:15,769 | INFO | Merge Completed Successfully
2026-05-28 10:40:15,769 | INFO | {'event': 'snowflake_load_complete', 'table': 'OperationsDB_raw.logistics.DeliveryPartners', 'rows_loaded': 204377, 'status': 'SUCCESS'}
2026-05-28 10:40:15,769 | INFO | Snowflake Loading completed successfully
2026-05-28 10:40:16,332 | INFO | Completed table DeliveryPartners
2026-05-28 10:40:17,500 | INFO | Inserted into Snowflake control table: DeliveryPartners
2026-05-28 10:40:17,502 | INFO | Processing table OperationsDB_raw.logistics.WarehouseInventory
2026-05-28 10:40:18,833 | INFO | Starting extraction for OperationsDB.logistics.WarehouseInventory
2026-05-28 10:40:30,056 | INFO | Schema retrieved
2026-05-28 10:40:30,058 | INFO | InventoryID                    int64
WarehouseCode                 object
ProductCode                   object
ProductName                   object
CategoryName                  object
StockQuantity                  int64
ReorderLevel                   int64
SupplierName                  object
ReceivedDate                  object
ExpiryDate                    object
StorageTemperature            object
InventoryStatus               object
CreatedDate           datetime64[us]
LastModifiedDate      datetime64[us]
dtype: object
2026-05-28 10:40:35,886 | INFO | Source count: 597764
2026-05-28 10:40:35,888 | INFO | Parquet count: 597764
2026-05-28 10:40:35,888 | INFO | Reconciliation Passed
2026-05-28 10:40:35,889 | INFO | Parquet file created at D:\Accelerator\DEMO\DLA V-W\BACKEND\Extract\OperationsDB/logistics/WarehouseInventory\WarehouseInventory_20260528_104030.parquet
2026-05-28 10:40:35,889 | INFO | Extraction completed for WarehouseInventory
2026-05-28 10:40:36,238 | INFO | Uploading WarehouseInventory_20260528_104030.parquet to AWS S3
2026-05-28 10:40:36,256 | INFO | S3 client created successfully
2026-05-28 10:40:39,513 | INFO | All existing files archived successfully
2026-05-28 10:40:39,513 | INFO | Previous S3 file archived successfully
2026-05-28 10:40:39,524 | INFO | S3 client created successfully
2026-05-28 10:40:39,524 | INFO | Upload attempt 1
2026-05-28 10:40:44,257 | INFO | Upload Successful
2026-05-28 10:40:44,476 | INFO | Local File Size: 11040309
2026-05-28 10:40:44,477 | INFO | S3 File Size: 11040309
2026-05-28 10:40:44,477 | INFO | Uploaded WarehouseInventory_20260528_104030.parquet to s3://stageddataparqe/OperationsDB/logistics/WarehouseInventory/WarehouseInventory_20260528_104030.parquet
2026-05-28 10:40:44,485 | INFO | Local file Not deleted after upload: D:\Accelerator\DEMO\DLA V-W\BACKEND\Extract\OperationsDB/logistics/WarehouseInventory\WarehouseInventory_20260528_104030.parquet
2026-05-28 10:40:44,486 | INFO | Creating target objects on 'snowflake' for table: OperationsDB.logistics.WarehouseInventory
2026-05-28 10:40:44,490 | INFO | Starting Snowflake object creation for OperationsDB.logistics.WarehouseInventory
2026-05-28 10:40:44,510 | INFO | Retrieved source schema:
           COLUMN_NAME  DATA_TYPE
0          InventoryID     bigint
1        WarehouseCode    varchar
2          ProductCode    varchar
3          ProductName    varchar
4         CategoryName    varchar
5        StockQuantity        int
6         ReorderLevel        int
7         SupplierName    varchar
8         ReceivedDate       date
9           ExpiryDate       date
10  StorageTemperature    varchar
11     InventoryStatus    varchar
12         CreatedDate  datetime2
13    LastModifiedDate  datetime2
2026-05-28 10:40:44,516 | INFO | Creating snwoflake Database OperationsDB 
2026-05-28 10:40:44,518 | INFO | Creating RAW DB: OperationsDB_RAW
2026-05-28 10:40:44,907 | INFO | Creating TGT DB: OperationsDB_TGT
2026-05-28 10:40:46,496 | INFO | Creating Stage: OperationsDB_TGT.OperationsDB_STG.external_aws_stage
2026-05-28 10:40:47,033 | INFO | Dropping RAW table if exists: OperationsDB_RAW.logistics.WarehouseInventory
2026-05-28 10:40:47,386 | INFO | Dropping TGT table if exists: OperationsDB_TGT.logistics.WarehouseInventory
2026-05-28 10:40:47,755 | INFO | Creating RAW table OperationsDB_RAW.logistics.WarehouseInventory
2026-05-28 10:40:48,318 | INFO | Creating TGT table OperationsDB_TGT.logistics.WarehouseInventory
2026-05-28 10:40:48,924 | INFO | RAW & TGT objects created successfully
2026-05-28 10:40:48,924 | INFO | Cursor closed
2026-05-28 10:40:48,924 | INFO | Target objects created successfully on 'snowflake' 
2026-05-28 10:40:56,499 | INFO | Snowflake control table ready
2026-05-28 10:40:56,500 | INFO | Snowflake control table created successfully.
2026-05-28 10:40:56,501 | INFO | Loading data into Snowflake table OperationsDB_raw.logistics.WarehouseInventory
2026-05-28 10:41:07,785 | INFO | COPY INTO raw result: [('s3://stageddataparqe/OperationsDB/logistics/WarehouseInventory/WarehouseInventory_20260528_104030.parquet', 'LOADED', 597764, 597764, 1, 0, None, None, None, None)]
2026-05-28 10:41:07,786 | INFO | File: s3://stageddataparqe/OperationsDB/logistics/WarehouseInventory/WarehouseInventory_20260528_104030.parquet, Status: LOADED, Parsed: 597764, Loaded: 597764, ErrorLimit: 1, ErrorsSeen: 0
2026-05-28 10:41:13,732 | INFO | RAW MERGE RESULT: (597764, 0)
2026-05-28 10:41:13,733 | INFO | MERGE complete — Inserted: 597764, Updated: 0
2026-05-28 10:41:14,606 | INFO | Truncated Table WarehouseInventory in OperationsDB_RAW
2026-05-28 10:41:14,607 | INFO | Merge Completed Successfully
2026-05-28 10:41:14,608 | INFO | {'event': 'snowflake_load_complete', 'table': 'OperationsDB_raw.logistics.WarehouseInventory', 'rows_loaded': 597764, 'status': 'SUCCESS'}
2026-05-28 10:41:14,609 | INFO | Snowflake Loading completed successfully
2026-05-28 10:41:15,069 | INFO | Completed table WarehouseInventory
2026-05-28 10:41:16,308 | INFO | Inserted into Snowflake control table: WarehouseInventory
2026-05-28 10:41:18,033 | INFO | Full Load Pipeline Completed Successfully
2026-05-28 10:41:18,133 | INFO | Source Connection closed successfully
2026-05-28 10:41:19,020 | INFO | Target Connection closed successfully
2026-05-28 10:41:50,749 | INFO | Connecting to SAP SQL Server...
2026-05-28 10:41:50,751 | INFO | Connected to SAP SQL Server.
