2026-05-28 18:56:44,591 | INFO | Config file verified     : C:\After_Demo\DLA V-W\BACKEND\config\sapsqlserver_aws_snowflake.cfg
2026-05-28 18:56:44,591 | INFO | Metadata file verified   : C:\After_Demo\DLA V-W\BACKEND\metadata\sapsqlserver_metadata.csv
2026-05-28 18:56:44,592 | INFO | Starting Full Load Pipeline
2026-05-28 18:56:44,593 | INFO | Connecting to SAP SQL Server...
2026-05-28 18:56:44,670 | INFO | Connected to SAP SQL Server.
2026-05-28 18:56:49,123 | INFO | Connected to Snowflake
2026-05-28 18:56:49,128 | INFO | Processing table OperationsDB_raw.logistics.ShipmentTracking
2026-05-28 18:56:54,074 | INFO | Previous parquet file is unavailable locally. Re-running extraction.
2026-05-28 18:56:54,074 | INFO | Starting extraction for OperationsDB.logistics.ShipmentTracking
2026-05-28 18:58:05,550 | INFO | Schema retrieved
2026-05-28 18:58:05,551 | INFO | TrackingID                    int64
ShipmentReference            object
OriginCity                   object
DestinationCity              object
DispatchDate         datetime64[us]
EstimatedDelivery    datetime64[us]
ActualDelivery       datetime64[us]
ShipmentStatus               object
VehicleNumber                object
DriverName                   object
DistanceKM                  float64
FuelCost                    float64
CustomerRating              float64
CreatedDate          datetime64[us]
LastModifiedDate     datetime64[us]
dtype: object
2026-05-28 18:58:21,119 | INFO | Source count: 614045
2026-05-28 18:58:21,127 | INFO | Parquet count: 614045
2026-05-28 18:58:21,127 | INFO | Reconciliation Passed
2026-05-28 18:58:21,133 | INFO | Parquet file created at C:\After_Demo\DLA V-W\BACKEND\Extract\OperationsDB/logistics/ShipmentTracking\ShipmentTracking_20260528_185805.parquet
2026-05-28 18:58:21,135 | INFO | Extraction completed for ShipmentTracking
2026-05-28 18:58:21,919 | INFO | Skipping upload (already done)
2026-05-28 18:58:21,920 | INFO | Skipping table creation
2026-05-28 18:58:21,921 | INFO | Skipping load
2026-05-28 18:58:22,289 | ERROR | [ShipmentTracking] Failed to fetch target row count: Error fetching target row count: 002003 (02000): SQL compilation error:
Database 'OPERATIONSDB_TGT' does not exist or not authorized.
2026-05-28 18:58:22,294 | INFO | Completed table ShipmentTracking
2026-05-28 18:58:23,034 | INFO | Error inserting into Snowflake control table: 002003 (02000): SQL compilation error:
Database 'OPERATIONSDB_TGT' does not exist or not authorized.
2026-05-28 18:58:23,043 | ERROR | CRITICAL: Logging failed but pipeline continues: Snowflake insert failed: 002003 (02000): SQL compilation error:
Database 'OPERATIONSDB_TGT' does not exist or not authorized.
2026-05-28 18:58:23,044 | INFO | Processing table OperationsDB_raw.logistics.WarehouseInventory
2026-05-28 18:58:25,457 | INFO | Previous parquet file is unavailable locally. Re-running extraction.
2026-05-28 18:58:25,457 | INFO | Starting extraction for OperationsDB.logistics.WarehouseInventory
2026-05-28 18:58:46,651 | INFO | Schema retrieved
2026-05-28 18:58:46,652 | INFO | InventoryID                    int64
WarehouseCode                 object
ProductCode                   object
ProductName                   object
CategoryName                  object
StockQuantity                  int64
ReorderLevel                   int64
SupplierName                  object
ReceivedDate                  object
ExpiryDate                    object
StorageTemperature            object
InventoryStatus               object
CreatedDate           datetime64[us]
LastModifiedDate      datetime64[us]
dtype: object
2026-05-28 18:58:55,698 | INFO | Source count: 597764
2026-05-28 18:58:55,699 | INFO | Parquet count: 597764
2026-05-28 18:58:55,699 | INFO | Reconciliation Passed
2026-05-28 18:58:55,699 | INFO | Parquet file created at C:\After_Demo\DLA V-W\BACKEND\Extract\OperationsDB/logistics/WarehouseInventory\WarehouseInventory_20260528_185846.parquet
2026-05-28 18:58:55,699 | INFO | Extraction completed for WarehouseInventory
2026-05-28 18:58:56,167 | INFO | Skipping upload (already done)
2026-05-28 18:58:56,169 | INFO | Skipping table creation
2026-05-28 18:58:56,170 | INFO | Skipping load
2026-05-28 18:58:56,506 | ERROR | [WarehouseInventory] Failed to fetch target row count: Error fetching target row count: 002003 (02000): SQL compilation error:
Database 'OPERATIONSDB_TGT' does not exist or not authorized.
2026-05-28 18:58:56,506 | INFO | Completed table WarehouseInventory
2026-05-28 18:58:57,157 | INFO | Error inserting into Snowflake control table: 002003 (02000): SQL compilation error:
Database 'OPERATIONSDB_TGT' does not exist or not authorized.
2026-05-28 18:58:57,157 | ERROR | CRITICAL: Logging failed but pipeline continues: Snowflake insert failed: 002003 (02000): SQL compilation error:
Database 'OPERATIONSDB_TGT' does not exist or not authorized.
2026-05-28 18:58:57,189 | INFO | Full Load Pipeline Completed Successfully
2026-05-28 18:58:57,210 | INFO | Source Connection closed successfully
2026-05-28 18:58:57,804 | INFO | Target Connection closed successfully
2026-05-28 19:00:55,809 | INFO | Connecting to SAP SQL Server...
2026-05-28 19:00:55,922 | INFO | Connected to SAP SQL Server.
