2026-05-27 19:43:34,197 | INFO | Config file verified     : D:\Accelerator\DEMO\DLA V-W\BACKEND\config\sapsqlserver_aws_snowflake.cfg
2026-05-27 19:43:34,200 | INFO | Metadata file verified   : D:\Accelerator\DEMO\DLA V-W\BACKEND\metadata\sapsqlserver_metadata.csv
2026-05-27 19:43:34,202 | INFO | Starting Full Load Pipeline
2026-05-27 19:43:34,204 | INFO | Connecting to SAP SQL Server...
2026-05-27 19:43:34,213 | INFO | Connected to SAP SQL Server.
2026-05-27 19:43:38,207 | INFO | Connected to Snowflake
2026-05-27 19:43:38,221 | INFO | Processing table OperationsDB_raw.logistics.DeliveryPartners
2026-05-27 19:43:40,543 | INFO | Starting extraction for OperationsDB.logistics.DeliveryPartners
2026-05-27 19:43:50,760 | INFO | Schema retrieved
2026-05-27 19:43:50,761 | INFO | PartnerID                     int64
CompanyName                  object
ContactPerson                object
EmailAddress                 object
PhoneNumber                  object
ServiceRegion                object
ContractStartDate            object
ContractEndDate              object
RatingScore                 float64
ActiveShipments               int64
PaymentTerms                 object
ComplianceStatus             object
CreatedDate          datetime64[us]
LastModifiedDate     datetime64[us]
dtype: object
2026-05-27 19:43:55,628 | INFO | Source count: 204377
2026-05-27 19:43:55,628 | INFO | Parquet count: 204377
2026-05-27 19:43:55,629 | INFO | Reconciliation Passed
2026-05-27 19:43:55,629 | INFO | Parquet file created at D:\Accelerator\DEMO\DLA V-W\BACKEND\Extract\OperationsDB/logistics/DeliveryPartners\DeliveryPartners_20260527_194350.parquet
2026-05-27 19:43:55,634 | INFO | Extraction completed for DeliveryPartners
2026-05-27 19:43:55,833 | INFO | Uploading DeliveryPartners_20260527_194350.parquet to AWS S3
2026-05-27 19:43:55,866 | INFO | S3 client created successfully
2026-05-27 19:44:01,291 | INFO | All existing files archived successfully
2026-05-27 19:44:01,300 | INFO | Previous S3 file archived successfully
2026-05-27 19:44:01,317 | INFO | S3 client created successfully
2026-05-27 19:44:01,318 | INFO | Upload attempt 1
2026-05-27 19:45:36,105 | INFO | Upload Successful
2026-05-27 19:45:36,341 | INFO | Local File Size: 5255728
2026-05-27 19:45:36,384 | INFO | S3 File Size: 5255728
2026-05-27 19:45:36,391 | INFO | Uploaded DeliveryPartners_20260527_194350.parquet to s3://stageddataparqe/OperationsDB/logistics/DeliveryPartners/DeliveryPartners_20260527_194350.parquet
2026-05-27 19:45:36,437 | INFO | Local file Not deleted after upload: D:\Accelerator\DEMO\DLA V-W\BACKEND\Extract\OperationsDB/logistics/DeliveryPartners\DeliveryPartners_20260527_194350.parquet
2026-05-27 19:45:36,461 | INFO | Creating target objects on 'snowflake' for table: OperationsDB.logistics.DeliveryPartners
2026-05-27 19:45:36,491 | INFO | Starting Snowflake object creation for OperationsDB.logistics.DeliveryPartners
2026-05-27 19:45:36,655 | INFO | Retrieved source schema:
          COLUMN_NAME  DATA_TYPE
0           PartnerID        int
1         CompanyName    varchar
2       ContactPerson    varchar
3        EmailAddress    varchar
4         PhoneNumber    varchar
5       ServiceRegion    varchar
6   ContractStartDate       date
7     ContractEndDate       date
8         RatingScore    decimal
9     ActiveShipments        int
10       PaymentTerms    varchar
11   ComplianceStatus    varchar
12        CreatedDate  datetime2
13   LastModifiedDate  datetime2
2026-05-27 19:45:36,706 | INFO | Creating snwoflake Database OperationsDB 
2026-05-27 19:45:36,706 | INFO | Creating RAW DB: OperationsDB_RAW
2026-05-27 19:45:37,193 | INFO | Creating TGT DB: OperationsDB_TGT
2026-05-27 19:45:39,184 | INFO | Creating Stage: OperationsDB_TGT.OperationsDB_STG.external_aws_stage
2026-05-27 19:45:39,700 | INFO | Dropping RAW table if exists: OperationsDB_RAW.logistics.DeliveryPartners
2026-05-27 19:45:40,309 | INFO | Dropping TGT table if exists: OperationsDB_TGT.logistics.DeliveryPartners
2026-05-27 19:45:40,772 | INFO | Creating RAW table OperationsDB_RAW.logistics.DeliveryPartners
2026-05-27 19:45:41,373 | INFO | Creating TGT table OperationsDB_TGT.logistics.DeliveryPartners
2026-05-27 19:45:41,890 | INFO | RAW & TGT objects created successfully
2026-05-27 19:45:41,891 | INFO | Cursor closed
2026-05-27 19:45:41,891 | INFO | Target objects created successfully on 'snowflake' 
2026-05-27 19:45:49,580 | INFO | Snowflake control table ready
2026-05-27 19:45:49,583 | INFO | Snowflake control table created successfully.
2026-05-27 19:45:49,596 | INFO | Loading data into Snowflake table OperationsDB_raw.logistics.DeliveryPartners
2026-05-27 19:45:56,700 | INFO | COPY INTO raw result: [('s3://stageddataparqe/OperationsDB/logistics/DeliveryPartners/DeliveryPartners_20260527_194350.parquet', 'LOADED', 204377, 204377, 1, 0, None, None, None, None)]
2026-05-27 19:45:56,703 | INFO | File: s3://stageddataparqe/OperationsDB/logistics/DeliveryPartners/DeliveryPartners_20260527_194350.parquet, Status: LOADED, Parsed: 204377, Loaded: 204377, ErrorLimit: 1, ErrorsSeen: 0
2026-05-27 19:46:01,472 | INFO | RAW MERGE RESULT: (204377, 0)
2026-05-27 19:46:01,472 | INFO | MERGE complete — Inserted: 204377, Updated: 0
2026-05-27 19:46:02,164 | INFO | Truncated Table DeliveryPartners in OperationsDB_RAW
2026-05-27 19:46:02,165 | INFO | Merge Completed Successfully
2026-05-27 19:46:02,166 | INFO | {'event': 'snowflake_load_complete', 'table': 'OperationsDB_raw.logistics.DeliveryPartners', 'rows_loaded': 204377, 'status': 'SUCCESS'}
2026-05-27 19:46:02,166 | INFO | Snowflake Loading completed successfully
2026-05-27 19:46:02,613 | INFO | Completed table DeliveryPartners
2026-05-27 19:46:03,581 | INFO | Inserted into Snowflake control table: DeliveryPartners
2026-05-27 19:46:03,582 | INFO | Processing table OperationsDB_raw.logistics.WarehouseInventory
2026-05-27 19:46:08,245 | INFO | Starting extraction for OperationsDB.logistics.WarehouseInventory
2026-05-27 19:46:26,694 | INFO | Schema retrieved
2026-05-27 19:46:26,694 | INFO | InventoryID                    int64
WarehouseCode                 object
ProductCode                   object
ProductName                   object
CategoryName                  object
StockQuantity                  int64
ReorderLevel                   int64
SupplierName                  object
ReceivedDate                  object
ExpiryDate                    object
StorageTemperature            object
InventoryStatus               object
CreatedDate           datetime64[us]
LastModifiedDate      datetime64[us]
dtype: object
2026-05-27 19:46:35,654 | INFO | Source count: 597764
2026-05-27 19:46:35,655 | INFO | Parquet count: 597764
2026-05-27 19:46:35,657 | INFO | Reconciliation Passed
2026-05-27 19:46:35,657 | INFO | Parquet file created at D:\Accelerator\DEMO\DLA V-W\BACKEND\Extract\OperationsDB/logistics/WarehouseInventory\WarehouseInventory_20260527_194626.parquet
2026-05-27 19:46:35,657 | INFO | Extraction completed for WarehouseInventory
2026-05-27 19:46:36,122 | INFO | Uploading WarehouseInventory_20260527_194626.parquet to AWS S3
2026-05-27 19:46:36,147 | INFO | S3 client created successfully
2026-05-27 19:46:39,296 | INFO | All existing files archived successfully
2026-05-27 19:46:39,299 | INFO | Previous S3 file archived successfully
2026-05-27 19:46:39,317 | INFO | S3 client created successfully
2026-05-27 19:46:39,318 | INFO | Upload attempt 1
2026-05-27 19:49:49,362 | INFO | Upload Successful
2026-05-27 19:49:49,855 | INFO | Local File Size: 11040309
2026-05-27 19:49:49,855 | INFO | S3 File Size: 11040309
2026-05-27 19:49:49,857 | INFO | Uploaded WarehouseInventory_20260527_194626.parquet to s3://stageddataparqe/OperationsDB/logistics/WarehouseInventory/WarehouseInventory_20260527_194626.parquet
2026-05-27 19:49:49,865 | INFO | Local file Not deleted after upload: D:\Accelerator\DEMO\DLA V-W\BACKEND\Extract\OperationsDB/logistics/WarehouseInventory\WarehouseInventory_20260527_194626.parquet
2026-05-27 19:49:49,865 | INFO | Creating target objects on 'snowflake' for table: OperationsDB.logistics.WarehouseInventory
2026-05-27 19:49:49,866 | INFO | Starting Snowflake object creation for OperationsDB.logistics.WarehouseInventory
2026-05-27 19:49:49,884 | INFO | Retrieved source schema:
           COLUMN_NAME  DATA_TYPE
0          InventoryID     bigint
1        WarehouseCode    varchar
2          ProductCode    varchar
3          ProductName    varchar
4         CategoryName    varchar
5        StockQuantity        int
6         ReorderLevel        int
7         SupplierName    varchar
8         ReceivedDate       date
9           ExpiryDate       date
10  StorageTemperature    varchar
11     InventoryStatus    varchar
12         CreatedDate  datetime2
13    LastModifiedDate  datetime2
2026-05-27 19:49:49,897 | INFO | Creating snwoflake Database OperationsDB 
2026-05-27 19:49:49,897 | INFO | Creating RAW DB: OperationsDB_RAW
2026-05-27 19:49:51,047 | INFO | Creating TGT DB: OperationsDB_TGT
2026-05-27 19:49:52,345 | INFO | Creating Stage: OperationsDB_TGT.OperationsDB_STG.external_aws_stage
2026-05-27 19:49:52,790 | INFO | Dropping RAW table if exists: OperationsDB_RAW.logistics.WarehouseInventory
2026-05-27 19:49:53,112 | INFO | Dropping TGT table if exists: OperationsDB_TGT.logistics.WarehouseInventory
2026-05-27 19:49:53,476 | INFO | Creating RAW table OperationsDB_RAW.logistics.WarehouseInventory
2026-05-27 19:49:54,045 | INFO | Creating TGT table OperationsDB_TGT.logistics.WarehouseInventory
2026-05-27 19:49:54,549 | INFO | RAW & TGT objects created successfully
2026-05-27 19:49:54,550 | INFO | Cursor closed
2026-05-27 19:49:54,551 | INFO | Target objects created successfully on 'snowflake' 
2026-05-27 19:50:01,068 | INFO | Snowflake control table ready
2026-05-27 19:50:01,068 | INFO | Snowflake control table created successfully.
2026-05-27 19:50:01,071 | INFO | Loading data into Snowflake table OperationsDB_raw.logistics.WarehouseInventory
2026-05-27 19:50:11,642 | INFO | COPY INTO raw result: [('s3://stageddataparqe/OperationsDB/logistics/WarehouseInventory/WarehouseInventory_20260527_194626.parquet', 'LOADED', 597764, 597764, 1, 0, None, None, None, None)]
2026-05-27 19:50:11,643 | INFO | File: s3://stageddataparqe/OperationsDB/logistics/WarehouseInventory/WarehouseInventory_20260527_194626.parquet, Status: LOADED, Parsed: 597764, Loaded: 597764, ErrorLimit: 1, ErrorsSeen: 0
2026-05-27 19:50:17,855 | INFO | RAW MERGE RESULT: (597764, 0)
2026-05-27 19:50:17,855 | INFO | MERGE complete — Inserted: 597764, Updated: 0
2026-05-27 19:50:18,397 | INFO | Truncated Table WarehouseInventory in OperationsDB_RAW
2026-05-27 19:50:18,404 | INFO | Merge Completed Successfully
2026-05-27 19:50:18,409 | INFO | {'event': 'snowflake_load_complete', 'table': 'OperationsDB_raw.logistics.WarehouseInventory', 'rows_loaded': 597764, 'status': 'SUCCESS'}
2026-05-27 19:50:18,409 | INFO | Snowflake Loading completed successfully
2026-05-27 19:50:18,814 | INFO | Completed table WarehouseInventory
2026-05-27 19:50:19,823 | INFO | Inserted into Snowflake control table: WarehouseInventory
2026-05-27 19:50:19,882 | INFO | Full Load Pipeline Completed Successfully
2026-05-27 19:50:19,886 | INFO | Source Connection closed successfully
2026-05-27 19:50:20,476 | INFO | Target Connection closed successfully
2026-05-27 19:50:42,614 | INFO | Connecting to SAP SQL Server...
2026-05-27 19:50:42,619 | INFO | Connected to SAP SQL Server.
