2026-06-04 17:01:40,051 | INFO | Config file verified     : D:\DATA LOAD ACCELERATORS\ingestion_engine\core_engine\config\sapsqlserver_aws_snowflake.cfg
2026-06-04 17:01:40,053 | INFO | Metadata file verified   : D:\DATA LOAD ACCELERATORS\ingestion_engine\core_engine\metadata\sapsqlserver_metadata.csv
2026-06-04 17:01:40,054 | INFO | Starting Modular Incremental/Full Load Pipeline
2026-06-04 17:01:40,073 | INFO | Connecting to SAP SQL Server...
2026-06-04 17:01:40,077 | INFO | Connected to SAP SQL Server.
2026-06-04 17:01:41,966 | INFO | Connected to Snowflake
2026-06-04 17:01:42,853 | INFO | Snowflake control table ready in bikestores.control_schema
2026-06-04 17:01:43,442 | INFO | [production.brands] Target last run timestamp = 2025-11-24 10:30:15.290000; Extraction window start = 2025-11-24 10:00:15.290000
2026-06-04 17:01:43,467 | INFO | Starting incremental extraction for bikestores.production.brands
2026-06-04 17:01:43,469 | INFO | Incremental extract query: SELECT [brand_id], [brand_name], [LastModifiedDate] FROM [bikestores].[production].[brands] WHERE [LastModifiedDate] > CONVERT(datetime2, '2025-11-24 10:00:15.290000', 121) ORDER BY [LastModifiedDate]
2026-06-04 17:01:43,508 | INFO | Schema retrieved
2026-06-04 17:01:43,511 | INFO | BRAND_ID                     int64
BRAND_NAME                  object
LASTMODIFIEDDATE    datetime64[us]
dtype: object
2026-06-04 17:01:43,568 | INFO | Reconciliation Passed
2026-06-04 17:01:43,570 | INFO | Parquet file created at D:\DATA LOAD ACCELERATORS\ingestion_engine\core_engine\Extract\bikestores/production/brands\brands_20260604_170143.parquet
2026-06-04 17:01:43,572 | INFO | Incremental extraction completed for brands; rows=9
2026-06-04 17:01:43,988 | INFO | S3 client created successfully
2026-06-04 17:01:50,187 | INFO | Archiving: bikestores/production/brands/brands_20260604_165535.parquet -> archive/bikestores/production/brands/brands_20260604_165535.parquet
2026-06-04 17:01:50,712 | INFO | All existing files archived successfully
2026-06-04 17:01:50,720 | INFO | Previous S3 files archived successfully
2026-06-04 17:01:50,772 | INFO | S3 client created successfully
2026-06-04 17:01:50,774 | INFO | Upload attempt 1
2026-06-04 17:01:57,128 | INFO | Upload Successful
2026-06-04 17:01:57,472 | INFO | Local File Size: 2592
2026-06-04 17:01:57,473 | INFO | S3 File Size: 2592
2026-06-04 17:01:57,474 | INFO | Uploaded brands_20260604_170143.parquet to s3://stageddataparqe/bikestores/production/brands/brands_20260604_170143.parquet
2026-06-04 17:01:57,487 | INFO | Local file deleted after upload: D:\DATA LOAD ACCELERATORS\ingestion_engine\core_engine\Extract\bikestores/production/brands\brands_20260604_170143.parquet
2026-06-04 17:02:01,460 | INFO | Loading data into Snowflake table bikestores_stg.PRODUCTION.BRANDS
2026-06-04 17:02:04,233 | INFO | File: s3://stageddataparqe/bikestores/production/brands/brands_20260604_170143.parquet, Status: LOADED, Parsed: 9, Loaded: 9, Errors: 0, Error Limit: 1
2026-06-04 17:02:07,060 | INFO | RAW MERGE RESULT: (0, 9)
2026-06-04 17:02:07,062 | INFO | MERGE complete — Inserted: 0, Updated: 9
2026-06-04 17:02:07,962 | INFO | Truncated Table BRANDS in bikestores_stg
2026-06-04 17:02:07,964 | INFO | Merge metrics | Inserted: 0, Updated: 9
2026-06-04 17:02:07,965 | INFO | {'event': 'snowflake_load_complete', 'table': 'bikestores_stg.PRODUCTION.BRANDS', 'rows_loaded': 9, 'status': 'SUCCESS'}
2026-06-04 17:02:07,967 | INFO | Snowflake Loading completed successfully
2026-06-04 17:02:09,643 | INFO | Snowflake control table ready in bikestores.control_schema
2026-06-04 17:02:10,754 | INFO | Inserted into Snowflake control table in control_schema: brands
2026-06-04 17:02:10,756 | INFO | Pipeline Execution Completed Successfully
2026-06-04 17:02:10,796 | INFO | Source Connection closed
2026-06-04 17:02:11,514 | INFO | Target Connection closed
